<?xml version="1.0" encoding="UTF-8"?>
<testng-results ignored="0" total="1" passed="1" failed="0" skipped="0">
  <reporter-output>
  </reporter-output>
  <suite started-at="2025-09-03T18:15:03 IST" name="Suite" finished-at="2025-09-03T18:16:24 IST" duration-ms="81129">
    <groups>
    </groups>
    <test started-at="2025-09-03T18:15:03 IST" name="Test" finished-at="2025-09-03T18:16:24 IST" duration-ms="81129">
      <class name="com.zoho.testscript.CampaignModule">
        <test-method is-config="true" signature="openBrowser()[pri:0, instance:com.zoho.testscript.CampaignModule@609cd4d8]" started-at="2025-09-03T18:15:03 IST" name="openBrowser" finished-at="2025-09-03T18:15:18 IST" duration-ms="15663" status="PASS">
          <reporter-output>
          </reporter-output>
        </test-method> <!-- openBrowser -->
        <test-method is-config="true" signature="zohoLogin()[pri:0, instance:com.zoho.testscript.CampaignModule@609cd4d8]" started-at="2025-09-03T18:15:18 IST" name="zohoLogin" finished-at="2025-09-03T18:15:45 IST" duration-ms="26315" status="PASS">
          <reporter-output>
          </reporter-output>
        </test-method> <!-- zohoLogin -->
        <test-method signature="testCampaignModule()[pri:0, instance:com.zoho.testscript.CampaignModule@609cd4d8]" started-at="2025-09-03T18:15:45 IST" name="testCampaignModule" finished-at="2025-09-03T18:16:22 IST" duration-ms="36802" status="PASS">
          <reporter-output>
          </reporter-output>
        </test-method> <!-- testCampaignModule -->
        <test-method is-config="true" signature="zohoLogout()[pri:0, instance:com.zoho.testscript.CampaignModule@609cd4d8]" started-at="2025-09-03T18:16:22 IST" name="zohoLogout" finished-at="2025-09-03T18:16:23 IST" duration-ms="1419" status="PASS">
          <reporter-output>
          </reporter-output>
        </test-method> <!-- zohoLogout -->
        <test-method is-config="true" signature="closeBrowser()[pri:0, instance:com.zoho.testscript.CampaignModule@609cd4d8]" started-at="2025-09-03T18:16:23 IST" name="closeBrowser" finished-at="2025-09-03T18:16:24 IST" duration-ms="777" status="PASS">
          <reporter-output>
          </reporter-output>
        </test-method> <!-- closeBrowser -->
      </class> <!-- com.zoho.testscript.CampaignModule -->
    </test> <!-- Test -->
  </suite> <!-- Suite -->
</testng-results>
